<?xml version="1.0" encoding="UTF-8"?>
<testng-results ignored="0" total="6" passed="5" failed="1" skipped="0">
  <reporter-output>
  </reporter-output>
  <suite started-at="2025-06-05T10:23:00 IST" name="Suite" finished-at="2025-06-05T10:24:58 IST" duration-ms="118015">
    <groups>
    </groups>
    <test started-at="2025-06-05T10:23:00 IST" name="Test" finished-at="2025-06-05T10:24:58 IST" duration-ms="118015">
      <class name="TestScript.OrganizationAutomation">
        <test-method is-config="true" signature="beforetestclass()[pri:0, instance:TestScript.OrganizationAutomation@4d1c005e]" started-at="2025-06-05T10:23:49 IST" name="beforetestclass" finished-at="2025-06-05T10:23:51 IST" duration-ms="1997" status="PASS">
          <reporter-output>
          </reporter-output>
        </test-method> <!-- beforetestclass -->
        <test-method is-config="true" signature="beforeTestcase()[pri:0, instance:TestScript.OrganizationAutomation@4d1c005e]" started-at="2025-06-05T10:23:51 IST" name="beforeTestcase" finished-at="2025-06-05T10:23:54 IST" duration-ms="2373" status="PASS">
          <reporter-output>
          </reporter-output>
        </test-method> <!-- beforeTestcase -->
        <test-method signature="verifyOrgCreationwithRequiredField()[pri:1, instance:TestScript.OrganizationAutomation@4d1c005e]" started-at="2025-06-05T10:23:54 IST" name="verifyOrgCreationwithRequiredField" finished-at="2025-06-05T10:24:10 IST" duration-ms="15869" status="PASS">
          <reporter-output>
          </reporter-output>
        </test-method> <!-- verifyOrgCreationwithRequiredField -->
        <test-method is-config="true" signature="afterTestcase()[pri:0, instance:TestScript.OrganizationAutomation@4d1c005e]" started-at="2025-06-05T10:24:10 IST" name="afterTestcase" finished-at="2025-06-05T10:24:12 IST" duration-ms="2003" status="PASS">
          <reporter-output>
          </reporter-output>
        </test-method> <!-- afterTestcase -->
        <test-method is-config="true" signature="beforeTestcase()[pri:0, instance:TestScript.OrganizationAutomation@4d1c005e]" started-at="2025-06-05T10:24:26 IST" name="beforeTestcase" finished-at="2025-06-05T10:24:30 IST" duration-ms="3829" status="PASS">
          <reporter-output>
          </reporter-output>
        </test-method> <!-- beforeTestcase -->
        <test-method signature="verifyOrgcreationwithoutRequiredField()[pri:2, instance:TestScript.OrganizationAutomation@4d1c005e]" started-at="2025-06-05T10:24:30 IST" name="verifyOrgcreationwithoutRequiredField" finished-at="2025-06-05T10:24:35 IST" duration-ms="5802" status="PASS">
          <reporter-output>
          </reporter-output>
        </test-method> <!-- verifyOrgcreationwithoutRequiredField -->
        <test-method is-config="true" signature="afterTestcase()[pri:0, instance:TestScript.OrganizationAutomation@4d1c005e]" started-at="2025-06-05T10:24:35 IST" name="afterTestcase" finished-at="2025-06-05T10:24:37 IST" duration-ms="1096" status="PASS">
          <reporter-output>
          </reporter-output>
        </test-method> <!-- afterTestcase -->
        <test-method is-config="true" signature="beforeTestcase()[pri:0, instance:TestScript.OrganizationAutomation@4d1c005e]" started-at="2025-06-05T10:24:37 IST" name="beforeTestcase" finished-at="2025-06-05T10:24:38 IST" duration-ms="1911" status="PASS">
          <reporter-output>
          </reporter-output>
        </test-method> <!-- beforeTestcase -->
        <test-method signature="verifyOrganizationCreationWithCancelButton()[pri:3, instance:TestScript.OrganizationAutomation@4d1c005e]" started-at="2025-06-05T10:24:38 IST" name="verifyOrganizationCreationWithCancelButton" finished-at="2025-06-05T10:24:56 IST" duration-ms="17237" status="FAIL">
          <exception class="org.openqa.selenium.NoAlertPresentException">
            <message>
              <![CDATA[no such alert
  (Session info: chrome=137.0.7151.68)
Build info: version: '4.32.0', revision: 'd17c8aa950'
System info: os.name: 'Windows 11', os.arch: 'amd64', os.version: '10.0', java.version: '21.0.3'
Driver info: org.openqa.selenium.chrome.ChromeDriver
Command: [e0133c02d2809e1639b2db5a9b6697ca, getAlertText {}]
Capabilities {acceptInsecureCerts: false, browserName: chrome, browserVersion: 137.0.7151.68, chrome: {chromedriverVersion: 137.0.7151.68 (2989ffee9373..., userDataDir: C:\Users\Sarvesh\AppData\Lo...}, fedcm:accounts: true, goog:chromeOptions: {debuggerAddress: localhost:61979}, networkConnectionEnabled: false, pageLoadStrategy: normal, platformName: windows, proxy: Proxy(), se:cdp: ws://localhost:61979/devtoo..., se:cdpVersion: 137.0.7151.68, setWindowRect: true, strictFileInteractability: false, timeouts: {implicit: 0, pageLoad: 300000, script: 30000}, unhandledPromptBehavior: dismiss and notify, webauthn:extension:credBlob: true, webauthn:extension:largeBlob: true, webauthn:extension:minPinLength: true, webauthn:extension:prf: true, webauthn:virtualAuthenticators: true}
Session ID: e0133c02d2809e1639b2db5a9b6697ca]]>
            </message>
            <full-stacktrace>
              <![CDATA[org.openqa.selenium.NoAlertPresentException: no such alert
  (Session info: chrome=137.0.7151.68)
Build info: version: '4.32.0', revision: 'd17c8aa950'
System info: os.name: 'Windows 11', os.arch: 'amd64', os.version: '10.0', java.version: '21.0.3'
Driver info: org.openqa.selenium.chrome.ChromeDriver
Command: [e0133c02d2809e1639b2db5a9b6697ca, getAlertText {}]
Capabilities {acceptInsecureCerts: false, browserName: chrome, browserVersion: 137.0.7151.68, chrome: {chromedriverVersion: 137.0.7151.68 (2989ffee9373..., userDataDir: C:\Users\Sarvesh\AppData\Lo...}, fedcm:accounts: true, goog:chromeOptions: {debuggerAddress: localhost:61979}, networkConnectionEnabled: false, pageLoadStrategy: normal, platformName: windows, proxy: Proxy(), se:cdp: ws://localhost:61979/devtoo..., se:cdpVersion: 137.0.7151.68, setWindowRect: true, strictFileInteractability: false, timeouts: {implicit: 0, pageLoad: 300000, script: 30000}, unhandledPromptBehavior: dismiss and notify, webauthn:extension:credBlob: true, webauthn:extension:largeBlob: true, webauthn:extension:minPinLength: true, webauthn:extension:prf: true, webauthn:virtualAuthenticators: true}
Session ID: e0133c02d2809e1639b2db5a9b6697ca
at java.base/jdk.internal.reflect.DirectConstructorHandleAccessor.newInstance(DirectConstructorHandleAccessor.java:62)
at java.base/java.lang.reflect.Constructor.newInstanceWithCaller(Constructor.java:502)
at java.base/java.lang.reflect.Constructor.newInstance(Constructor.java:486)
at org.openqa.selenium.remote.ErrorCodec.decode(ErrorCodec.java:167)
at org.openqa.selenium.remote.codec.w3c.W3CHttpResponseCodec.decode(W3CHttpResponseCodec.java:138)
at org.openqa.selenium.remote.codec.w3c.W3CHttpResponseCodec.decode(W3CHttpResponseCodec.java:50)
at org.openqa.selenium.remote.HttpCommandExecutor.execute(HttpCommandExecutor.java:215)
at org.openqa.selenium.remote.service.DriverCommandExecutor.invokeExecute(DriverCommandExecutor.java:216)
at org.openqa.selenium.remote.service.DriverCommandExecutor.execute(DriverCommandExecutor.java:174)
at org.openqa.selenium.remote.RemoteWebDriver.execute(RemoteWebDriver.java:545)
at org.openqa.selenium.remote.RemoteWebDriver.execute(RemoteWebDriver.java:618)
at org.openqa.selenium.remote.RemoteWebDriver.execute(RemoteWebDriver.java:622)
at org.openqa.selenium.remote.RemoteWebDriver$RemoteTargetLocator.alert(RemoteWebDriver.java:1200)
at WebUtil_Generic.GenericMethods.acceptAlert(GenericMethods.java:483)
at TestScript.OrganizationAutomation.verifyOrganizationCreationWithCancelButton(OrganizationAutomation.java:56)
at java.base/jdk.internal.reflect.DirectMethodHandleAccessor.invoke(DirectMethodHandleAccessor.java:103)
at java.base/java.lang.reflect.Method.invoke(Method.java:580)
at org.testng.internal.invokers.MethodInvocationHelper.invokeMethod(MethodInvocationHelper.java:141)
at org.testng.internal.invokers.TestInvoker.invokeMethod(TestInvoker.java:687)
at org.testng.internal.invokers.TestInvoker.invokeTestMethod(TestInvoker.java:230)
at org.testng.internal.invokers.MethodRunner.runInSequence(MethodRunner.java:63)
at org.testng.internal.invokers.TestInvoker$MethodInvocationAgent.invoke(TestInvoker.java:995)
at org.testng.internal.invokers.TestInvoker.invokeTestMethods(TestInvoker.java:203)
at org.testng.internal.invokers.TestMethodWorker.invokeTestMethods(TestMethodWorker.java:154)
at org.testng.internal.invokers.TestMethodWorker.run(TestMethodWorker.java:134)
at java.base/java.util.ArrayList.forEach(ArrayList.java:1596)
at org.testng.TestRunner.privateRun(TestRunner.java:741)
at org.testng.TestRunner.run(TestRunner.java:616)
at org.testng.SuiteRunner.runTest(SuiteRunner.java:421)
at org.testng.SuiteRunner$SuiteWorker.run(SuiteRunner.java:463)
at org.testng.internal.thread.ThreadUtil.lambda$execute$0(ThreadUtil.java:64)
at java.base/java.util.concurrent.FutureTask.run(FutureTask.java:317)
at java.base/java.util.concurrent.ThreadPoolExecutor.runWorker(ThreadPoolExecutor.java:1144)
at java.base/java.util.concurrent.ThreadPoolExecutor$Worker.run(ThreadPoolExecutor.java:642)
at java.base/java.lang.Thread.run(Thread.java:1583)
]]>
            </full-stacktrace>
          </exception> <!-- org.openqa.selenium.NoAlertPresentException -->
          <reporter-output>
          </reporter-output>
        </test-method> <!-- verifyOrganizationCreationWithCancelButton -->
        <test-method is-config="true" signature="afterTestcase()[pri:0, instance:TestScript.OrganizationAutomation@4d1c005e]" started-at="2025-06-05T10:24:56 IST" name="afterTestcase" finished-at="2025-06-05T10:24:58 IST" duration-ms="2227" status="PASS">
          <reporter-output>
          </reporter-output>
        </test-method> <!-- afterTestcase -->
        <test-method is-config="true" signature="aftertestclass()[pri:0, instance:TestScript.OrganizationAutomation@4d1c005e]" started-at="2025-06-05T10:24:58 IST" name="aftertestclass" finished-at="2025-06-05T10:24:58 IST" duration-ms="294" status="PASS">
          <reporter-output>
          </reporter-output>
        </test-method> <!-- aftertestclass -->
      </class> <!-- TestScript.OrganizationAutomation -->
      <class name="TestScript.LoginAutomationScript">
        <test-method is-config="true" signature="beforetestclass()[pri:0, instance:TestScript.LoginAutomationScript@7c137fd5]" started-at="2025-06-05T10:23:00 IST" name="beforetestclass" finished-at="2025-06-05T10:23:23 IST" duration-ms="22650" status="PASS">
          <reporter-output>
          </reporter-output>
        </test-method> <!-- beforetestclass -->
        <test-method is-config="true" signature="beforeTestcase()[pri:0, instance:TestScript.LoginAutomationScript@7c137fd5]" started-at="2025-06-05T10:23:23 IST" name="beforeTestcase" finished-at="2025-06-05T10:23:26 IST" duration-ms="3360" status="PASS">
          <reporter-output>
          </reporter-output>
        </test-method> <!-- beforeTestcase -->
        <test-method signature="VarifyLoginWithValidCredentialField()[pri:0, instance:TestScript.LoginAutomationScript@7c137fd5]" started-at="2025-06-05T10:23:26 IST" name="VarifyLoginWithValidCredentialField" finished-at="2025-06-05T10:23:32 IST" duration-ms="5881" status="PASS">
          <reporter-output>
          </reporter-output>
        </test-method> <!-- VarifyLoginWithValidCredentialField -->
        <test-method is-config="true" signature="afterTestcase()[pri:0, instance:TestScript.LoginAutomationScript@7c137fd5]" started-at="2025-06-05T10:23:32 IST" name="afterTestcase" finished-at="2025-06-05T10:23:34 IST" duration-ms="1564" status="PASS">
          <reporter-output>
          </reporter-output>
        </test-method> <!-- afterTestcase -->
        <test-method is-config="true" signature="aftertestclass()[pri:0, instance:TestScript.LoginAutomationScript@7c137fd5]" started-at="2025-06-05T10:23:34 IST" name="aftertestclass" finished-at="2025-06-05T10:23:35 IST" duration-ms="1435" status="PASS">
          <reporter-output>
          </reporter-output>
        </test-method> <!-- aftertestclass -->
      </class> <!-- TestScript.LoginAutomationScript -->
      <class name="TestScript.LeadAutomationScript">
        <test-method is-config="true" signature="beforetestclass()[pri:0, instance:TestScript.LeadAutomationScript@3e08ff24]" started-at="2025-06-05T10:23:35 IST" name="beforetestclass" finished-at="2025-06-05T10:23:37 IST" duration-ms="1981" status="PASS">
          <reporter-output>
          </reporter-output>
        </test-method> <!-- beforetestclass -->
        <test-method is-config="true" signature="beforeTestcase()[pri:0, instance:TestScript.LeadAutomationScript@3e08ff24]" started-at="2025-06-05T10:23:37 IST" name="beforeTestcase" finished-at="2025-06-05T10:23:40 IST" duration-ms="2412" status="PASS">
          <reporter-output>
          </reporter-output>
        </test-method> <!-- beforeTestcase -->
        <test-method signature="CreateLeadWithRequiredFields()[pri:1, instance:TestScript.LeadAutomationScript@3e08ff24]" started-at="2025-06-05T10:23:40 IST" name="CreateLeadWithRequiredFields" finished-at="2025-06-05T10:23:48 IST" duration-ms="8528" status="PASS">
          <reporter-output>
          </reporter-output>
        </test-method> <!-- CreateLeadWithRequiredFields -->
        <test-method is-config="true" signature="afterTestcase()[pri:0, instance:TestScript.LeadAutomationScript@3e08ff24]" started-at="2025-06-05T10:23:48 IST" name="afterTestcase" finished-at="2025-06-05T10:23:49 IST" duration-ms="1101" status="PASS">
          <reporter-output>
          </reporter-output>
        </test-method> <!-- afterTestcase -->
        <test-method is-config="true" signature="beforeTestcase()[pri:0, instance:TestScript.LeadAutomationScript@3e08ff24]" started-at="2025-06-05T10:24:12 IST" name="beforeTestcase" finished-at="2025-06-05T10:24:15 IST" duration-ms="3144" status="PASS">
          <reporter-output>
          </reporter-output>
        </test-method> <!-- beforeTestcase -->
        <test-method signature="CreateLeadWithAllFields()[pri:2, instance:TestScript.LeadAutomationScript@3e08ff24]" started-at="2025-06-05T10:24:15 IST" name="CreateLeadWithAllFields" finished-at="2025-06-05T10:24:24 IST" duration-ms="9406" status="PASS">
          <reporter-output>
          </reporter-output>
        </test-method> <!-- CreateLeadWithAllFields -->
        <test-method is-config="true" signature="afterTestcase()[pri:0, instance:TestScript.LeadAutomationScript@3e08ff24]" started-at="2025-06-05T10:24:24 IST" name="afterTestcase" finished-at="2025-06-05T10:24:26 IST" duration-ms="1473" status="PASS">
          <reporter-output>
          </reporter-output>
        </test-method> <!-- afterTestcase -->
        <test-method is-config="true" signature="aftertestclass()[pri:0, instance:TestScript.LeadAutomationScript@3e08ff24]" started-at="2025-06-05T10:24:26 IST" name="aftertestclass" finished-at="2025-06-05T10:24:26 IST" duration-ms="292" status="PASS">
          <reporter-output>
          </reporter-output>
        </test-method> <!-- aftertestclass -->
      </class> <!-- TestScript.LeadAutomationScript -->
    </test> <!-- Test -->
  </suite> <!-- Suite -->
</testng-results>
