<?xml version="1.0" encoding="UTF-8"?>
<testng-results ignored="1" total="2" passed="1" failed="0" skipped="0">
  <reporter-output>
  </reporter-output>
  <suite started-at="2025-06-09T09:41:45 IST" name="Default suite" finished-at="2025-06-09T09:42:18 IST" duration-ms="33560">
    <groups>
    </groups>
    <test started-at="2025-06-09T09:41:45 IST" name="Default test" finished-at="2025-06-09T09:42:18 IST" duration-ms="33560">
      <class name="TestScript.LeadAutomationScript">
        <test-method is-config="true" signature="beforetestclass()[pri:0, instance:TestScript.LeadAutomationScript@4d1c005e]" started-at="2025-06-09T09:41:45 IST" name="beforetestclass" finished-at="2025-06-09T09:41:51 IST" duration-ms="5798" status="PASS">
          <reporter-output>
          </reporter-output>
        </test-method> <!-- beforetestclass -->
        <test-method is-config="true" signature="beforeTestcase()[pri:0, instance:TestScript.LeadAutomationScript@4d1c005e]" started-at="2025-06-09T09:41:51 IST" name="beforeTestcase" finished-at="2025-06-09T09:41:56 IST" duration-ms="5138" status="PASS">
          <reporter-output>
          </reporter-output>
        </test-method> <!-- beforeTestcase -->
        <test-method signature="CreateLeadWithRequiredFields()[pri:1, instance:TestScript.LeadAutomationScript@4d1c005e]" started-at="2025-06-09T09:41:56 IST" name="CreateLeadWithRequiredFields" finished-at="2025-06-09T09:42:15 IST" duration-ms="19021" status="PASS">
          <reporter-output>
          </reporter-output>
        </test-method> <!-- CreateLeadWithRequiredFields -->
        <test-method is-config="true" signature="afterTestcase()[pri:0, instance:TestScript.LeadAutomationScript@4d1c005e]" started-at="2025-06-09T09:42:15 IST" name="afterTestcase" finished-at="2025-06-09T09:42:17 IST" duration-ms="2631" status="PASS">
          <reporter-output>
          </reporter-output>
        </test-method> <!-- afterTestcase -->
        <test-method is-config="true" signature="aftertestclass()[pri:0, instance:TestScript.LeadAutomationScript@4d1c005e]" started-at="2025-06-09T09:42:17 IST" name="aftertestclass" finished-at="2025-06-09T09:42:18 IST" duration-ms="856" status="PASS">
          <reporter-output>
          </reporter-output>
        </test-method> <!-- aftertestclass -->
      </class> <!-- TestScript.LeadAutomationScript -->
    </test> <!-- Default test -->
  </suite> <!-- Default suite -->
</testng-results>
