<?xml version="1.0" encoding="UTF-8"?>
<!-- Generated by org.testng.reporters.JUnitXMLReporter -->
<testsuite ignored="0" hostname="DESKTOP-TSVPU8V" failures="0" tests="2" name="vtiger test" time="20.003" errors="0" timestamp="2025-04-15T09:04:01 IST">
  <testcase classname="TestScript.LeadAutomationScript" name="CreateLeadWithRequiredFields" time="15.353"/>
  <testcase classname="TestScript.LoginAutomationScript" name="testVarifyLoginWithValidCredentialField" time="4.56"/>
</testsuite> <!-- vtiger test -->
