<?xml version="1.0" encoding="UTF-8"?>
<!-- Generated by org.testng.reporters.JUnitXMLReporter -->
<testsuite ignored="1" hostname="DESKTOP-TSVPU8V" failures="0" tests="1" name="Default test" time="33.56" errors="0" timestamp="2025-06-09T09:42:18 IST">
  <testcase classname="TestScript.LeadAutomationScript" name="CreateLeadWithRequiredFields" time="19.021"/>
  <testcase classname="TestScript.LeadAutomationScript" name="CreateLeadWithAllFields" time="0.0">
    <ignored/>
  </testcase> <!-- CreateLeadWithAllFields -->
</testsuite> <!-- Default test -->
