<?xml version="1.0" encoding="UTF-8"?>
<testng-results ignored="0" total="2" passed="2" failed="0" skipped="0">
  <reporter-output>
  </reporter-output>
  <suite started-at="2025-04-15T09:03:41 IST" name="vtiger" finished-at="2025-04-15T09:04:01 IST" duration-ms="20003">
    <groups>
    </groups>
    <test started-at="2025-04-15T09:03:41 IST" name="vtiger test" finished-at="2025-04-15T09:04:01 IST" duration-ms="20003">
      <class name="TestScript.LoginAutomationScript">
        <test-method signature="testVarifyLoginWithValidCredentialField()[pri:0, instance:TestScript.LoginAutomationScript@3835c46]" started-at="2025-04-15T09:03:56 IST" name="testVarifyLoginWithValidCredentialField" finished-at="2025-04-15T09:04:01 IST" duration-ms="4560" status="PASS">
          <reporter-output>
          </reporter-output>
        </test-method> <!-- testVarifyLoginWithValidCredentialField -->
      </class> <!-- TestScript.LoginAutomationScript -->
      <class name="TestScript.LeadAutomationScript">
        <test-method signature="CreateLeadWithRequiredFields()[pri:0, instance:TestScript.LeadAutomationScript@16ec5519]" started-at="2025-04-15T09:03:41 IST" name="CreateLeadWithRequiredFields" finished-at="2025-04-15T09:03:56 IST" duration-ms="15353" status="PASS">
          <reporter-output>
          </reporter-output>
        </test-method> <!-- CreateLeadWithRequiredFields -->
      </class> <!-- TestScript.LeadAutomationScript -->
    </test> <!-- vtiger test -->
  </suite> <!-- vtiger -->
</testng-results>
